<?xml version="1.0" encoding="UTF-8"?>
<!-- Generated by org.testng.reporters.JUnitReportReporter -->
<testsuite hostname="MyComputer" failures="0" tests="1" name="Rough.testcase_97" time="22.664" errors="0" timestamp="30 Dec 2019 02:30:25 GMT" skipped="0">
  <testcase classname="Rough.testcase_97" name="logintest" time="22.664"/>
</testsuite> <!-- Rough.testcase_97 -->
