<?xml version="1.0" encoding="UTF-8"?>
<!-- Generated by org.testng.reporters.JUnitReportReporter -->
<testsuite hostname="MyComputer" failures="0" tests="2" name="com.testCases.TC_TP_058" time="34.519" errors="0" timestamp="23 Dec 2019 15:40:25 GMT" skipped="0">
  <testcase classname="com.testCases.TC_TP_058" name="searchTest" time="16.916"/>
  <testcase classname="com.testCases.TC_TP_058" name="searchTest" time="17.603"/>
</testsuite> <!-- com.testCases.TC_TP_058 -->
