<?xml version="1.0" encoding="UTF-8"?>
<!-- Generated by org.testng.reporters.JUnitReportReporter -->
<testsuite hostname="MyComputer" failures="0" tests="1" name="Rough.TestCase_DeleteService" time="22.294" errors="0" timestamp="03 Jan 2020 19:41:43 GMT" skipped="0">
  <testcase classname="Rough.TestCase_DeleteService" name="Need" time="22.294"/>
</testsuite> <!-- Rough.TestCase_DeleteService -->
