<?xml version="1.0" encoding="UTF-8"?>
<!-- Generated by org.testng.reporters.JUnitReportReporter -->
<testsuite skipped="0" hostname="DESKTOP-P12432T" name="com.SVNTwoPlugs.testCases.TC_LoginTest_001" tests="1" failures="0" timestamp="31 Mar 2019 19:02:19 GMT" time="14.016" errors="0">
  <testcase name="loginTest" time="14.016" classname="com.SVNTwoPlugs.testCases.TC_LoginTest_001"/>
</testsuite> <!-- com.SVNTwoPlugs.testCases.TC_LoginTest_001 -->
