<?xml version="1.0" encoding="UTF-8"?>
<!-- Generated by org.testng.reporters.JUnitReportReporter -->
<testsuite hostname="MyComputer" failures="0" tests="2" name="com.testCases.TP_TC_027" time="34.780" errors="0" timestamp="08 Jan 2020 22:27:34 GMT" skipped="0">
  <testcase classname="com.testCases.TP_TC_027" name="searchTest" time="18.088"/>
  <testcase classname="com.testCases.TP_TC_027" name="searchTest" time="16.692"/>
</testsuite> <!-- com.testCases.TP_TC_027 -->
