<?xml version="1.0" encoding="UTF-8"?>
<!-- Generated by org.testng.reporters.JUnitReportReporter -->
<testsuite hostname="MyComputer" failures="0" tests="1" name="com.testCases.Testcase_28_need" time="33.067" errors="0" timestamp="31 Dec 2019 05:33:27 GMT" skipped="0">
  <testcase classname="com.testCases.Testcase_28_need" name="Need" time="33.067"/>
</testsuite> <!-- com.testCases.Testcase_28_need -->
