<?xml version="1.0" encoding="UTF-8"?>
<!-- Generated by org.testng.reporters.JUnitReportReporter -->
<testsuite hostname="MyComputer" failures="0" tests="1" name="Rough.Testcse_DeleteNeed" time="23.569" errors="0" timestamp="03 Jan 2020 19:35:42 GMT" skipped="0">
  <testcase classname="Rough.Testcse_DeleteNeed" name="Need" time="23.569"/>
</testsuite> <!-- Rough.Testcse_DeleteNeed -->
