<?xml version="1.0" encoding="UTF-8"?>
<!-- Generated by org.testng.reporters.JUnitReportReporter -->
<testsuite hostname="MyComputer" failures="0" tests="1" name="com.testCases.TC_TP_032" time="7.124" errors="0" timestamp="20 Dec 2019 22:30:30 GMT" skipped="0">
  <testcase classname="com.testCases.TC_TP_032" name="SignUpTest" time="7.124"/>
</testsuite> <!-- com.testCases.TC_TP_032 -->
