<?xml version="1.0" encoding="UTF-8"?>
<!-- Generated by org.testng.reporters.JUnitReportReporter -->
<testsuite hostname="MyComputer" failures="0" tests="1" name="Rough.test_case_095" time="18.679" errors="0" timestamp="30 Dec 2019 00:56:33 GMT" skipped="0">
  <testcase classname="Rough.test_case_095" name="logintest" time="18.679"/>
</testsuite> <!-- Rough.test_case_095 -->
