<?xml version="1.0" encoding="UTF-8"?>
<!-- Generated by org.testng.reporters.JUnitReportReporter -->
<testsuite hostname="MyComputer" failures="0" tests="1" name="com.testCases.TC_TP_001" time="4.360" errors="0" timestamp="20 Dec 2019 22:32:06 GMT" skipped="0">
  <testcase classname="com.testCases.TC_TP_001" name="loginTest" time="4.360"/>
</testsuite> <!-- com.testCases.TC_TP_001 -->
