<?xml version="1.0" encoding="UTF-8"?>
<!-- Generated by org.testng.reporters.JUnitReportReporter -->
<testsuite hostname="MyComputer" failures="0" tests="1" name="com.testCases.TC_SignUp_022" time="0.000" errors="0" timestamp="19 Dec 2019 18:00:35 GMT" skipped="1">
  <testcase classname="com.testCases.TC_SignUp_022" name="SignUpTest" time="0.000">
    <skipped/>
  </testcase> <!-- SignUpTest -->
</testsuite> <!-- com.testCases.TC_SignUp_022 -->
