<?xml version="1.0" encoding="UTF-8"?>
<!-- Generated by org.testng.reporters.JUnitReportReporter -->
<testsuite hostname="MyComputer" failures="0" tests="1" name="com.testCases.TC_TP_023" time="6.552" errors="0" timestamp="19 Dec 2019 19:52:24 GMT" skipped="0">
  <testcase classname="com.testCases.TC_TP_023" name="SignUpTest" time="6.552"/>
</testsuite> <!-- com.testCases.TC_TP_023 -->
