<?xml version="1.0" encoding="UTF-8"?>
<!-- Generated by org.testng.reporters.JUnitReportReporter -->
<testsuite hostname="MyComputer" failures="0" tests="1" name="com.testCases.TP_TC_021" time="14.480" errors="0" timestamp="08 Jan 2020 22:27:34 GMT" skipped="0">
  <testcase classname="com.testCases.TP_TC_021" name="SignUpTest" time="14.480"/>
</testsuite> <!-- com.testCases.TP_TC_021 -->
