<?xml version="1.0" encoding="UTF-8"?>
<!-- Generated by org.testng.reporters.JUnitReportReporter -->
<testsuite hostname="MyComputer" failures="0" tests="1" name="Rough.TC_TP_032" time="6.260" errors="0" timestamp="20 Dec 2019 22:22:34 GMT" skipped="0">
  <testcase classname="Rough.TC_TP_032" name="SignUpTest" time="6.260"/>
</testsuite> <!-- Rough.TC_TP_032 -->
