<?xml version="1.0" encoding="UTF-8"?>
<!-- Generated by org.testng.reporters.JUnitReportReporter -->
<testsuite skipped="0" hostname="DESKTOP-P12432T" name="com.SVNTwoPlugs.testCases.TC_TP_001" tests="2" failures="0" timestamp="01 Apr 2019 16:53:42 GMT" time="19.908" errors="0">
  <testcase name="loginTest" time="10.555" classname="com.SVNTwoPlugs.testCases.TC_TP_001"/>
  <testcase name="loginTest" time="9.353" classname="com.SVNTwoPlugs.testCases.TC_TP_001"/>
</testsuite> <!-- com.SVNTwoPlugs.testCases.TC_TP_001 -->
