<?xml version="1.0" encoding="UTF-8"?>
<!-- Generated by org.testng.reporters.JUnitReportReporter -->
<testsuite skipped="0" hostname="DESKTOP-P12432T" name="com.testCases.TC_TP_001" tests="1" failures="0" timestamp="01 Apr 2019 17:33:43 GMT" time="10.204" errors="0">
  <testcase name="loginTest" time="10.204" classname="com.testCases.TC_TP_001"/>
</testsuite> <!-- com.testCases.TC_TP_001 -->
