<?xml version="1.0" encoding="UTF-8"?>
<!-- Generated by org.testng.reporters.JUnitReportReporter -->
<testsuite skipped="0" hostname="DESKTOP-P12432T" name="com.SVNTwoPlugs.testCases.TC_LoginTest_001" tests="1" failures="0" timestamp="01 Apr 2019 15:50:02 GMT" time="11.303" errors="0">
  <testcase name="loginTest" time="11.303" classname="com.SVNTwoPlugs.testCases.TC_LoginTest_001"/>
</testsuite> <!-- com.SVNTwoPlugs.testCases.TC_LoginTest_001 -->
